15:56:09.550 [main] INFO  com.intuit.karate - karate.env system property was: null 
15:56:10.360 [main] DEBUG com.intuit.karate - 
1 > GET http://localhost:3001/v2/pharmacies/city
1 > Accept-Encoding: gzip,deflate
1 > Connection: Keep-Alive
1 > Host: localhost:3001
1 > User-Agent: Apache-HttpClient/4.5.3 (Java/1.8.0_191)

15:56:12.442 [main] ERROR com.intuit.karate - org.apache.http.conn.HttpHostConnectException: Connect to localhost:3001 [localhost/127.0.0.1, localhost/0:0:0:0:0:0:0:1] failed: Connection refused: connect, http call failed after 2864 milliseconds for URL: http://localhost:3001/v2/pharmacies/city
15:56:12.712 [main] INFO  com.intuit.karate - karate.env system property was: null 
15:56:12.797 [main] INFO  com.intuit.karate - [print] {
  "Content-Type": "application\/json"
}

15:56:12.851 [main] INFO  com.intuit.karate - karate.env system property was: null 
15:56:12.879 [main] DEBUG com.intuit.karate - 
1 > GET http://localhost:3001/v2/pharmacies/city
1 > Accept-Encoding: gzip,deflate
1 > Connection: Keep-Alive
1 > Host: localhost:3001
1 > User-Agent: Apache-HttpClient/4.5.3 (Java/1.8.0_191)

15:56:14.936 [main] ERROR com.intuit.karate - org.apache.http.conn.HttpHostConnectException: Connect to localhost:3001 [localhost/127.0.0.1, localhost/0:0:0:0:0:0:0:1] failed: Connection refused: connect, http call failed after 2058 milliseconds for URL: http://localhost:3001/v2/pharmacies/city
15:56:14.939 [main] ERROR com.intuit.karate - feature call failed: ../city/city.feature
arg: null
called: ../city/city.feature, scenario: Get Cities, line: 9
http call failed after 2058 milliseconds for URL: http://localhost:3001/v2/pharmacies/city
org.apache.http.conn.HttpHostConnectException: Connect to localhost:3001 [localhost/127.0.0.1, localhost/0:0:0:0:0:0:0:1] failed: Connection refused: connect
15:56:15.080 [main] INFO  com.intuit.karate - karate.env system property was: null 
15:56:15.096 [main] DEBUG com.intuit.karate - 
1 > GET http://localhost:3001/v2/pharmacies/city/34
1 > Accept-Encoding: gzip,deflate
1 > Connection: Keep-Alive
1 > Host: localhost:3001
1 > User-Agent: Apache-HttpClient/4.5.3 (Java/1.8.0_191)

15:56:17.171 [main] ERROR com.intuit.karate - org.apache.http.conn.HttpHostConnectException: Connect to localhost:3001 [localhost/127.0.0.1, localhost/0:0:0:0:0:0:0:1] failed: Connection refused: connect, http call failed after 2076 milliseconds for URL: http://localhost:3001/v2/pharmacies/city/34
16:01:15.010 [main] INFO  com.intuit.karate - karate.env system property was: null 
16:01:15.639 [main] DEBUG com.intuit.karate - 
1 > GET https://reqres.in:8080/api/users/city?page=2
1 > Accept-Encoding: gzip,deflate
1 > Connection: Keep-Alive
1 > Host: reqres.in:8080
1 > User-Agent: Apache-HttpClient/4.5.3 (Java/1.8.0_191)

16:01:16.565 [main] ERROR com.intuit.karate - javax.net.ssl.SSLException: Unrecognized SSL message, plaintext connection?, http call failed after 1510 milliseconds for URL: https://reqres.in:8080/api/users/city?page=2
16:01:16.748 [main] INFO  com.intuit.karate - karate.env system property was: null 
16:01:16.830 [main] INFO  com.intuit.karate - [print] {
  "Content-Type": "application\/json"
}

16:01:16.895 [main] INFO  com.intuit.karate - karate.env system property was: null 
16:01:16.935 [main] DEBUG com.intuit.karate - 
1 > GET https://reqres.in:8080/api/users/city?page=2
1 > Accept-Encoding: gzip,deflate
1 > Connection: Keep-Alive
1 > Host: reqres.in:8080
1 > User-Agent: Apache-HttpClient/4.5.3 (Java/1.8.0_191)

16:01:17.023 [main] ERROR com.intuit.karate - javax.net.ssl.SSLException: Unrecognized SSL message, plaintext connection?, http call failed after 90 milliseconds for URL: https://reqres.in:8080/api/users/city?page=2
16:01:17.026 [main] ERROR com.intuit.karate - feature call failed: ../city/city.feature
arg: null
called: ../city/city.feature, scenario: Get Cities, line: 9
http call failed after 90 milliseconds for URL: https://reqres.in:8080/api/users/city?page=2
javax.net.ssl.SSLException: Unrecognized SSL message, plaintext connection?
16:01:17.176 [main] INFO  com.intuit.karate - karate.env system property was: null 
16:01:17.189 [main] DEBUG com.intuit.karate - 
1 > GET https://reqres.in:8080/api/users/city/34?page=2
1 > Accept-Encoding: gzip,deflate
1 > Connection: Keep-Alive
1 > Host: reqres.in:8080
1 > User-Agent: Apache-HttpClient/4.5.3 (Java/1.8.0_191)

16:01:17.299 [main] ERROR com.intuit.karate - javax.net.ssl.SSLException: Unrecognized SSL message, plaintext connection?, http call failed after 110 milliseconds for URL: https://reqres.in:8080/api/users/city/34?page=2
16:22:33.947 [main] INFO  com.intuit.karate - karate.env system property was: null 
16:22:34.387 [main] DEBUG com.intuit.karate - 
1 > GET http://localhost:3001/v2/pharmacies/city
1 > Accept-Encoding: gzip,deflate
1 > Connection: Keep-Alive
1 > Host: localhost:3001
1 > User-Agent: Apache-HttpClient/4.5.3 (Java/1.8.0_191)

16:22:36.465 [main] ERROR com.intuit.karate - org.apache.http.conn.HttpHostConnectException: Connect to localhost:3001 [localhost/127.0.0.1, localhost/0:0:0:0:0:0:0:1] failed: Connection refused: connect, http call failed after 2484 milliseconds for URL: http://localhost:3001/v2/pharmacies/city
16:22:36.578 [main] INFO  com.intuit.karate - karate.env system property was: null 
16:22:36.625 [main] INFO  com.intuit.karate - [print] {
  "Content-Type": "application\/json"
}

16:22:36.672 [main] INFO  com.intuit.karate - karate.env system property was: null 
16:22:36.703 [main] DEBUG com.intuit.karate - 
1 > GET http://localhost:3001/v2/pharmacies/city
1 > Accept-Encoding: gzip,deflate
1 > Connection: Keep-Alive
1 > Host: localhost:3001
1 > User-Agent: Apache-HttpClient/4.5.3 (Java/1.8.0_191)

16:22:38.766 [main] ERROR com.intuit.karate - org.apache.http.conn.HttpHostConnectException: Connect to localhost:3001 [localhost/127.0.0.1, localhost/0:0:0:0:0:0:0:1] failed: Connection refused: connect, http call failed after 2063 milliseconds for URL: http://localhost:3001/v2/pharmacies/city
16:22:38.769 [main] ERROR com.intuit.karate - feature call failed: ../city/city.feature
arg: null
called: ../city/city.feature, scenario: Get Cities, line: 9
http call failed after 2063 milliseconds for URL: http://localhost:3001/v2/pharmacies/city
org.apache.http.conn.HttpHostConnectException: Connect to localhost:3001 [localhost/127.0.0.1, localhost/0:0:0:0:0:0:0:1] failed: Connection refused: connect
16:22:38.847 [main] INFO  com.intuit.karate - karate.env system property was: null 
16:22:38.847 [main] DEBUG com.intuit.karate - 
1 > GET http://localhost:3001/v2/pharmacies/city/34
1 > Accept-Encoding: gzip,deflate
1 > Connection: Keep-Alive
1 > Host: localhost:3001
1 > User-Agent: Apache-HttpClient/4.5.3 (Java/1.8.0_191)

16:22:40.893 [main] ERROR com.intuit.karate - org.apache.http.conn.HttpHostConnectException: Connect to localhost:3001 [localhost/127.0.0.1, localhost/0:0:0:0:0:0:0:1] failed: Connection refused: connect, http call failed after 2046 milliseconds for URL: http://localhost:3001/v2/pharmacies/city/34
16:22:40.943 [main] INFO  com.intuit.karate - karate.env system property was: null 
16:22:40.959 [main] DEBUG com.intuit.karate - 
1 > GET http://localhost:3001/v2/pharmacies/api/users%3Fpage=2
1 > Accept-Encoding: gzip,deflate
1 > Connection: Keep-Alive
1 > Host: localhost:3001
1 > User-Agent: Apache-HttpClient/4.5.3 (Java/1.8.0_191)

16:22:43.006 [main] ERROR com.intuit.karate - org.apache.http.conn.HttpHostConnectException: Connect to localhost:3001 [localhost/127.0.0.1, localhost/0:0:0:0:0:0:0:1] failed: Connection refused: connect, http call failed after 2047 milliseconds for URL: http://localhost:3001/v2/pharmacies/api/users%3Fpage=2
16:25:32.877 [main] INFO  com.intuit.karate - karate.env system property was: null 
16:25:32.945 [main] INFO  com.intuit.karate - [print] {
  "Content-Type": "application\/json"
}

16:25:33.023 [main] INFO  com.intuit.karate - karate.env system property was: null 
16:25:33.461 [main] DEBUG com.intuit.karate - 
1 > GET http://localhost:3001/v2/pharmacies/api/users%3Fpage=2
1 > Accept-Encoding: gzip,deflate
1 > Connection: Keep-Alive
1 > Host: localhost:3001
1 > User-Agent: Apache-HttpClient/4.5.3 (Java/1.8.0_191)

16:25:35.542 [main] ERROR com.intuit.karate - org.apache.http.conn.HttpHostConnectException: Connect to localhost:3001 [localhost/127.0.0.1, localhost/0:0:0:0:0:0:0:1] failed: Connection refused: connect, http call failed after 2503 milliseconds for URL: http://localhost:3001/v2/pharmacies/api/users%3Fpage=2
16:25:59.670 [main] INFO  com.intuit.karate - karate.env system property was: null 
16:25:59.754 [main] INFO  com.intuit.karate - [print] {
  "Content-Type": "application\/json"
}

16:25:59.832 [main] INFO  com.intuit.karate - karate.env system property was: null 
16:26:00.269 [main] DEBUG com.intuit.karate - 
1 > GET http://reqres.in:3001/v2/pharmacies/api/users%3Fpage=2
1 > Accept-Encoding: gzip,deflate
1 > Connection: Keep-Alive
1 > Host: reqres.in:3001
1 > User-Agent: Apache-HttpClient/4.5.3 (Java/1.8.0_191)

16:26:42.499 [main] ERROR com.intuit.karate - org.apache.http.conn.HttpHostConnectException: Connect to reqres.in:3001 [reqres.in/104.27.134.11, reqres.in/104.27.135.11] failed: Connection timed out: connect, http call failed after 42651 milliseconds for URL: http://reqres.in:3001/v2/pharmacies/api/users%3Fpage=2
16:28:05.845 [main] INFO  com.intuit.karate - karate.env system property was: null 
16:28:05.917 [main] INFO  com.intuit.karate - [print] {
  "Content-Type": "application\/json"
}

16:28:05.995 [main] INFO  com.intuit.karate - karate.env system property was: null 
16:28:06.417 [main] DEBUG com.intuit.karate - 
1 > GET http://reqres.in/api/users%3Fpage=2
1 > Accept-Encoding: gzip,deflate
1 > Connection: Keep-Alive
1 > Host: reqres.in
1 > User-Agent: Apache-HttpClient/4.5.3 (Java/1.8.0_191)

16:28:06.604 [main] DEBUG com.intuit.karate - 
1 < 301
1 < CF-RAY: 4d22322acaa9c33b-SIN
1 < Cache-Control: max-age=3600
1 < Connection: keep-alive
1 < Date: Sun, 05 May 2019 10:57:51 GMT
1 < Expires: Sun, 05 May 2019 11:57:51 GMT
1 < Location: https://reqres.in/api/users%3Fpage=2
1 < Server: cloudflare
1 < Transfer-Encoding: chunked
1 < Vary: Accept-Encoding

16:28:06.604 [main] DEBUG com.intuit.karate - 
2 > GET http://reqres.in/api/users%3Fpage=2
2 > Accept-Encoding: gzip,deflate
2 > Connection: Keep-Alive
2 > Host: reqres.in
2 > User-Agent: Apache-HttpClient/4.5.3 (Java/1.8.0_191)

16:28:07.307 [main] DEBUG com.intuit.karate - 
2 < 200
2 < Access-Control-Allow-Origin: *
2 < CF-RAY: 4d22322d1d6d312a-SIN
2 < Connection: keep-alive
2 < Content-Type: application/json; charset=utf-8
2 < Date: Sun, 05 May 2019 10:57:52 GMT
2 < ETag: W/"138-JxfoRpyrgR+3MwPzWk39icdKPEA"
2 < Expect-CT: max-age=604800, report-uri="https://report-uri.cloudflare.com/cdn-cgi/beacon/expect-ct"
2 < Server: cloudflare
2 < Set-Cookie: __cfduid=d15749109bbf215baedffbbdb0d84f9e61557053872; expires=Mon, 04-May-20 10:57:52 GMT; path=/; domain=.reqres.in; HttpOnly
2 < Transfer-Encoding: chunked
2 < X-Powered-By: Express
{"page":1,"per_page":3,"total":12,"total_pages":4,"data":[{"id":1,"name":"cerulean","year":2000,"color":"#98B2D1","pantone_value":"15-4020"},{"id":2,"name":"fuchsia rose","year":2001,"color":"#C74375","pantone_value":"17-2031"},{"id":3,"name":"true red","year":2002,"color":"#BF1932","pantone_value":"19-1664"}]}

16:28:07.320 [main] DEBUG com.intuit.karate - response time in milliseconds: 1296
16:37:17.097 [main] INFO  com.intuit.karate - karate.env system property was: null 
16:37:17.274 [main] INFO  com.intuit.karate - [print] {
  "Content-Type": "application\/json"
}

16:37:17.336 [main] INFO  com.intuit.karate - karate.env system property was: null 
16:37:17.789 [main] DEBUG com.intuit.karate - 
1 > GET http://reqres.in/api/users%3Fpage=2
1 > Accept-Encoding: gzip,deflate
1 > Connection: Keep-Alive
1 > Host: reqres.in
1 > User-Agent: Apache-HttpClient/4.5.3 (Java/1.8.0_191)

16:37:17.930 [main] DEBUG com.intuit.karate - 
1 < 301
1 < CF-RAY: 4d223fa0ad48aaa8-SIN
1 < Cache-Control: max-age=3600
1 < Connection: keep-alive
1 < Date: Sun, 05 May 2019 11:07:03 GMT
1 < Expires: Sun, 05 May 2019 12:07:03 GMT
1 < Location: https://reqres.in/api/users%3Fpage=2
1 < Server: cloudflare
1 < Transfer-Encoding: chunked
1 < Vary: Accept-Encoding

16:37:17.930 [main] DEBUG com.intuit.karate - 
2 > GET http://reqres.in/api/users%3Fpage=2
2 > Accept-Encoding: gzip,deflate
2 > Connection: Keep-Alive
2 > Host: reqres.in
2 > User-Agent: Apache-HttpClient/4.5.3 (Java/1.8.0_191)

16:37:18.635 [main] DEBUG com.intuit.karate - 
2 < 200
2 < Access-Control-Allow-Origin: *
2 < CF-RAY: 4d223fa2b9fbc322-SIN
2 < Connection: keep-alive
2 < Content-Type: application/json; charset=utf-8
2 < Date: Sun, 05 May 2019 11:07:03 GMT
2 < ETag: W/"138-JxfoRpyrgR+3MwPzWk39icdKPEA"
2 < Expect-CT: max-age=604800, report-uri="https://report-uri.cloudflare.com/cdn-cgi/beacon/expect-ct"
2 < Server: cloudflare
2 < Set-Cookie: __cfduid=d3afafd1bb99926012de2bda4fae7d0391557054423; expires=Mon, 04-May-20 11:07:03 GMT; path=/; domain=.reqres.in; HttpOnly
2 < Transfer-Encoding: chunked
2 < X-Powered-By: Express
{"page":1,"per_page":3,"total":12,"total_pages":4,"data":[{"id":1,"name":"cerulean","year":2000,"color":"#98B2D1","pantone_value":"15-4020"},{"id":2,"name":"fuchsia rose","year":2001,"color":"#C74375","pantone_value":"17-2031"},{"id":3,"name":"true red","year":2002,"color":"#BF1932","pantone_value":"19-1664"}]}

16:37:18.639 [main] DEBUG com.intuit.karate - response time in milliseconds: 1283
16:37:18.701 [main] INFO  com.intuit.karate - karate.env system property was: null 
16:37:18.701 [main] DEBUG com.intuit.karate - 
1 > GET http://www.dneonline.com/calculator.asmx
1 > Accept-Encoding: gzip,deflate
1 > Connection: Keep-Alive
1 > Host: www.dneonline.com
1 > User-Agent: Apache-HttpClient/4.5.3 (Java/1.8.0_191)

16:37:19.217 [main] DEBUG com.intuit.karate - 
1 < 200
1 < Cache-Control: private, max-age=0
1 < Content-Type: text/html; charset=utf-8
1 < Date: Sun, 05 May 2019 11:07:03 GMT
1 < Server: Microsoft-IIS/7.5
1 < Vary: Accept-Encoding
1 < X-AspNet-Version: 2.0.50727
1 < X-Powered-By: ASP.NET


<html>

    <head><link rel="alternate" type="text/xml" href="/calculator.asmx?disco" />

    <style type="text/css">
    
		BODY { color: #000000; background-color: white; font-family: Verdana; margin-left: 0px; margin-top: 0px; }
		#content { margin-left: 30px; font-size: .70em; padding-bottom: 2em; }
		A:link { color: #336699; font-weight: bold; text-decoration: underline; }
		A:visited { color: #6699cc; font-weight: bold; text-decoration: underline; }
		A:active { color: #336699; font-weight: bold; text-decoration: underline; }
		A:hover { color: cc3300; font-weight: bold; text-decoration: underline; }
		P { color: #000000; margin-top: 0px; margin-bottom: 12px; font-family: Verdana; }
		pre { background-color: #e5e5cc; padding: 5px; font-family: Courier New; font-size: x-small; margin-top: -5px; border: 1px #f0f0e0 solid; }
		td { color: #000000; font-family: Verdana; font-size: .7em; }
		h2 { font-size: 1.5em; font-weight: bold; margin-top: 25px; margin-bottom: 10px; border-top: 1px solid #003366; margin-left: -15px; color: #003366; }
		h3 { font-size: 1.1em; color: #000000; margin-left: -15px; margin-top: 10px; margin-bottom: 10px; }
		ul { margin-top: 10px; margin-left: 20px; }
		ol { margin-top: 10px; margin-left: 20px; }
		li { margin-top: 10px; color: #000000; }
		font.value { color: darkblue; font: bold; }
		font.key { color: darkgreen; font: bold; }
		font.error { color: darkred; font: bold; }
		.heading1 { color: #ffffff; font-family: Tahoma; font-size: 26px; font-weight: normal; background-color: #003366; margin-top: 0px; margin-bottom: 0px; margin-left: -30px; padding-top: 10px; padding-bottom: 3px; padding-left: 15px; width: 105%; }
		.button { background-color: #dcdcdc; font-family: Verdana; font-size: 1em; border-top: #cccccc 1px solid; border-bottom: #666666 1px solid; border-left: #cccccc 1px solid; border-right: #666666 1px solid; }
		.frmheader { color: #000000; background: #dcdcdc; font-family: Verdana; font-size: .7em; font-weight: normal; border-bottom: 1px solid #dcdcdc; padding-top: 2px; padding-bottom: 2px; }
		.frmtext { font-family: Verdana; font-size: .7em; margin-top: 8px; margin-bottom: 0px; margin-left: 32px; }
		.frmInput { font-family: Verdana; font-size: 1em; }
		.intro { margin-left: -15px; }
           
    </style>

    <title>
	Calculator Web Service
</title></head>

  <body>

    <div id="content">

      <p class="heading1">Calculator</p><br>

      

      <span>

          <p class="intro">The following operations are supported.  For a formal definition, please review the <a href="calculator.asmx?WSDL">Service Description</a>. </p>
          
          
              <ul>
            
              <li>
                <a href="calculator.asmx?op=Add">Add</a>
                
                <span>
                  <br>Adds two integers. This is a test WebService. ©DNE Online
                </span>
              </li>
              <p>
            
              <li>
                <a href="calculator.asmx?op=Divide">Divide</a>
                
                
              </li>
              <p>
            
              <li>
                <a href="calculator.asmx?op=Multiply">Multiply</a>
                
                
              </li>
              <p>
            
              <li>
                <a href="calculator.asmx?op=Subtract">Subtract</a>
                
                
              </li>
              <p>
            
              </ul>
            
      </span>

      
      

    <span>
        
    </span>
    
      <span>
          <hr>
          <h3>This web service is using http://tempuri.org/ as its default namespace.</h3>
          <h3>Recommendation: Change the default namespace before the XML Web service is made public.</h3>
          <p class="intro">Each XML Web service needs a unique namespace in order for client applications to distinguish it from other services on the Web. http://tempuri.org/ is available for XML Web services that are under development, but published XML Web services should use a more permanent namespace.</p>
          <p class="intro">Your XML Web service should be identified by a namespace that you control. For example, you can use your company's Internet domain name as part of the namespace. Although many XML Web service namespaces look like URLs, they need not point to actual resources on the Web. (XML Web service namespaces are URIs.)</p>
          <p class="intro">For XML Web services creating using ASP.NET, the default namespace can be changed using the WebService attribute's Namespace property. The WebService attribute is an attribute applied to the class that contains the XML Web service methods. Below is a code example that sets the namespace to "http://microsoft.com/webservices/":</p>
          <p class="intro">C#</p>
          <pre>[WebService(Namespace="http://microsoft.com/webservices/")]
public class MyWebService {
    // implementation
}</pre>
          <p class="intro">Visual Basic</p>
          <pre>&lt;WebService(Namespace:="http://microsoft.com/webservices/")&gt; Public Class MyWebService
    ' implementation
End Class</pre>

          <p class="intro">C++</p>
          <pre>[WebService(Namespace="http://microsoft.com/webservices/")]
public ref class MyWebService {
    // implementation
};</pre>
          <p class="intro">For more details on XML namespaces, see the W3C recommendation on <a href="http://www.w3.org/TR/REC-xml-names/">Namespaces in XML</A>.</p>
          <p class="intro">For more details on WSDL, see the <a href="http://www.w3.org/TR/wsdl">WSDL Specification</a>.</p>
          <p class="intro">For more details on URIs, see <a href="http://www.ietf.org/rfc/rfc2396.txt">RFC 2396</a>.</p>
      </span>

      

    
  </body>
</html>


16:37:19.232 [main] DEBUG com.intuit.karate - response time in milliseconds: 531
16:37:19.264 [main] WARN  com.intuit.karate - xml parsing failed, response data type set to string: org.xml.sax.SAXParseException; lineNumber: 57; columnNumber: 19; The element type "br" must be terminated by the matching end-tag "</br>".
16:46:15.256 [main] INFO  com.intuit.karate - karate.env system property was: null 
16:46:15.702 [main] DEBUG com.intuit.karate - 
1 > GET http://reqres.in/api/users%3Fpage=2
1 > Accept-Encoding: gzip,deflate
1 > Connection: Keep-Alive
1 > Host: reqres.in
1 > User-Agent: Apache-HttpClient/4.5.3 (Java/1.8.0_191)

16:46:15.858 [main] DEBUG com.intuit.karate - 
1 < 301
1 < CF-RAY: 4d224cc2bc15c368-SIN
1 < Cache-Control: max-age=3600
1 < Connection: keep-alive
1 < Date: Sun, 05 May 2019 11:16:01 GMT
1 < Expires: Sun, 05 May 2019 12:16:01 GMT
1 < Location: https://reqres.in/api/users%3Fpage=2
1 < Server: cloudflare
1 < Transfer-Encoding: chunked
1 < Vary: Accept-Encoding

16:46:15.858 [main] DEBUG com.intuit.karate - 
2 > GET http://reqres.in/api/users%3Fpage=2
2 > Accept-Encoding: gzip,deflate
2 > Connection: Keep-Alive
2 > Host: reqres.in
2 > User-Agent: Apache-HttpClient/4.5.3 (Java/1.8.0_191)

16:46:16.629 [main] DEBUG com.intuit.karate - 
2 < 200
2 < Access-Control-Allow-Origin: *
2 < CF-RAY: 4d224cc51d70aa84-SIN
2 < Connection: keep-alive
2 < Content-Type: application/json; charset=utf-8
2 < Date: Sun, 05 May 2019 11:16:01 GMT
2 < ETag: W/"138-JxfoRpyrgR+3MwPzWk39icdKPEA"
2 < Expect-CT: max-age=604800, report-uri="https://report-uri.cloudflare.com/cdn-cgi/beacon/expect-ct"
2 < Server: cloudflare
2 < Set-Cookie: __cfduid=d0ad7d858b486e7a05547232f5654b1271557054961; expires=Mon, 04-May-20 11:16:01 GMT; path=/; domain=.reqres.in; HttpOnly
2 < Transfer-Encoding: chunked
2 < X-Powered-By: Express
{"page":1,"per_page":3,"total":12,"total_pages":4,"data":[{"id":1,"name":"cerulean","year":2000,"color":"#98B2D1","pantone_value":"15-4020"},{"id":2,"name":"fuchsia rose","year":2001,"color":"#C74375","pantone_value":"17-2031"},{"id":3,"name":"true red","year":2002,"color":"#BF1932","pantone_value":"19-1664"}]}

16:46:16.633 [main] DEBUG com.intuit.karate - response time in milliseconds: 1349
16:46:16.758 [main] INFO  com.intuit.karate - karate.env system property was: null 
16:46:16.758 [main] DEBUG com.intuit.karate - 
1 > GET http://www.dneonline.com/calculator.asmx
1 > Accept-Encoding: gzip,deflate
1 > Connection: Keep-Alive
1 > Host: www.dneonline.com
1 > User-Agent: Apache-HttpClient/4.5.3 (Java/1.8.0_191)

16:46:17.414 [main] DEBUG com.intuit.karate - 
1 < 200
1 < Cache-Control: private, max-age=0
1 < Content-Type: text/html; charset=utf-8
1 < Date: Sun, 05 May 2019 11:16:01 GMT
1 < Server: Microsoft-IIS/7.5
1 < Vary: Accept-Encoding
1 < X-AspNet-Version: 2.0.50727
1 < X-Powered-By: ASP.NET


<html>

    <head><link rel="alternate" type="text/xml" href="/calculator.asmx?disco" />

    <style type="text/css">
    
		BODY { color: #000000; background-color: white; font-family: Verdana; margin-left: 0px; margin-top: 0px; }
		#content { margin-left: 30px; font-size: .70em; padding-bottom: 2em; }
		A:link { color: #336699; font-weight: bold; text-decoration: underline; }
		A:visited { color: #6699cc; font-weight: bold; text-decoration: underline; }
		A:active { color: #336699; font-weight: bold; text-decoration: underline; }
		A:hover { color: cc3300; font-weight: bold; text-decoration: underline; }
		P { color: #000000; margin-top: 0px; margin-bottom: 12px; font-family: Verdana; }
		pre { background-color: #e5e5cc; padding: 5px; font-family: Courier New; font-size: x-small; margin-top: -5px; border: 1px #f0f0e0 solid; }
		td { color: #000000; font-family: Verdana; font-size: .7em; }
		h2 { font-size: 1.5em; font-weight: bold; margin-top: 25px; margin-bottom: 10px; border-top: 1px solid #003366; margin-left: -15px; color: #003366; }
		h3 { font-size: 1.1em; color: #000000; margin-left: -15px; margin-top: 10px; margin-bottom: 10px; }
		ul { margin-top: 10px; margin-left: 20px; }
		ol { margin-top: 10px; margin-left: 20px; }
		li { margin-top: 10px; color: #000000; }
		font.value { color: darkblue; font: bold; }
		font.key { color: darkgreen; font: bold; }
		font.error { color: darkred; font: bold; }
		.heading1 { color: #ffffff; font-family: Tahoma; font-size: 26px; font-weight: normal; background-color: #003366; margin-top: 0px; margin-bottom: 0px; margin-left: -30px; padding-top: 10px; padding-bottom: 3px; padding-left: 15px; width: 105%; }
		.button { background-color: #dcdcdc; font-family: Verdana; font-size: 1em; border-top: #cccccc 1px solid; border-bottom: #666666 1px solid; border-left: #cccccc 1px solid; border-right: #666666 1px solid; }
		.frmheader { color: #000000; background: #dcdcdc; font-family: Verdana; font-size: .7em; font-weight: normal; border-bottom: 1px solid #dcdcdc; padding-top: 2px; padding-bottom: 2px; }
		.frmtext { font-family: Verdana; font-size: .7em; margin-top: 8px; margin-bottom: 0px; margin-left: 32px; }
		.frmInput { font-family: Verdana; font-size: 1em; }
		.intro { margin-left: -15px; }
           
    </style>

    <title>
	Calculator Web Service
</title></head>

  <body>

    <div id="content">

      <p class="heading1">Calculator</p><br>

      

      <span>

          <p class="intro">The following operations are supported.  For a formal definition, please review the <a href="calculator.asmx?WSDL">Service Description</a>. </p>
          
          
              <ul>
            
              <li>
                <a href="calculator.asmx?op=Add">Add</a>
                
                <span>
                  <br>Adds two integers. This is a test WebService. ©DNE Online
                </span>
              </li>
              <p>
            
              <li>
                <a href="calculator.asmx?op=Divide">Divide</a>
                
                
              </li>
              <p>
            
              <li>
                <a href="calculator.asmx?op=Multiply">Multiply</a>
                
                
              </li>
              <p>
            
              <li>
                <a href="calculator.asmx?op=Subtract">Subtract</a>
                
                
              </li>
              <p>
            
              </ul>
            
      </span>

      
      

    <span>
        
    </span>
    
      <span>
          <hr>
          <h3>This web service is using http://tempuri.org/ as its default namespace.</h3>
          <h3>Recommendation: Change the default namespace before the XML Web service is made public.</h3>
          <p class="intro">Each XML Web service needs a unique namespace in order for client applications to distinguish it from other services on the Web. http://tempuri.org/ is available for XML Web services that are under development, but published XML Web services should use a more permanent namespace.</p>
          <p class="intro">Your XML Web service should be identified by a namespace that you control. For example, you can use your company's Internet domain name as part of the namespace. Although many XML Web service namespaces look like URLs, they need not point to actual resources on the Web. (XML Web service namespaces are URIs.)</p>
          <p class="intro">For XML Web services creating using ASP.NET, the default namespace can be changed using the WebService attribute's Namespace property. The WebService attribute is an attribute applied to the class that contains the XML Web service methods. Below is a code example that sets the namespace to "http://microsoft.com/webservices/":</p>
          <p class="intro">C#</p>
          <pre>[WebService(Namespace="http://microsoft.com/webservices/")]
public class MyWebService {
    // implementation
}</pre>
          <p class="intro">Visual Basic</p>
          <pre>&lt;WebService(Namespace:="http://microsoft.com/webservices/")&gt; Public Class MyWebService
    ' implementation
End Class</pre>

          <p class="intro">C++</p>
          <pre>[WebService(Namespace="http://microsoft.com/webservices/")]
public ref class MyWebService {
    // implementation
};</pre>
          <p class="intro">For more details on XML namespaces, see the W3C recommendation on <a href="http://www.w3.org/TR/REC-xml-names/">Namespaces in XML</A>.</p>
          <p class="intro">For more details on WSDL, see the <a href="http://www.w3.org/TR/wsdl">WSDL Specification</a>.</p>
          <p class="intro">For more details on URIs, see <a href="http://www.ietf.org/rfc/rfc2396.txt">RFC 2396</a>.</p>
      </span>

      

    
  </body>
</html>


16:46:17.414 [main] DEBUG com.intuit.karate - response time in milliseconds: 656
16:46:17.429 [main] WARN  com.intuit.karate - xml parsing failed, response data type set to string: org.xml.sax.SAXParseException; lineNumber: 57; columnNumber: 19; The element type "br" must be terminated by the matching end-tag "</br>".
16:48:29.391 [main] INFO  com.intuit.karate - karate.env system property was: null 
16:48:29.825 [main] DEBUG com.intuit.karate - 
1 > GET http://reqres.in/api/users%3Fpage=2
1 > Accept-Encoding: gzip,deflate
1 > Connection: Keep-Alive
1 > Host: reqres.in
1 > User-Agent: Apache-HttpClient/4.5.3 (Java/1.8.0_191)

16:48:29.981 [main] DEBUG com.intuit.karate - 
1 < 301
1 < CF-RAY: 4d225008da4c6fb2-SIN
1 < Cache-Control: max-age=3600
1 < Connection: keep-alive
1 < Date: Sun, 05 May 2019 11:18:15 GMT
1 < Expires: Sun, 05 May 2019 12:18:15 GMT
1 < Location: https://reqres.in/api/users%3Fpage=2
1 < Server: cloudflare
1 < Transfer-Encoding: chunked
1 < Vary: Accept-Encoding

16:48:29.997 [main] DEBUG com.intuit.karate - 
2 > GET http://reqres.in/api/users%3Fpage=2
2 > Accept-Encoding: gzip,deflate
2 > Connection: Keep-Alive
2 > Host: reqres.in
2 > User-Agent: Apache-HttpClient/4.5.3 (Java/1.8.0_191)

16:48:30.728 [main] DEBUG com.intuit.karate - 
2 < 200
2 < Access-Control-Allow-Origin: *
2 < CF-RAY: 4d22500b6834cbf4-SIN
2 < Connection: keep-alive
2 < Content-Type: application/json; charset=utf-8
2 < Date: Sun, 05 May 2019 11:18:15 GMT
2 < ETag: W/"138-JxfoRpyrgR+3MwPzWk39icdKPEA"
2 < Expect-CT: max-age=604800, report-uri="https://report-uri.cloudflare.com/cdn-cgi/beacon/expect-ct"
2 < Server: cloudflare
2 < Set-Cookie: __cfduid=de40577d2b64d33780cb3dc8472e91ebd1557055095; expires=Mon, 04-May-20 11:18:15 GMT; path=/; domain=.reqres.in; HttpOnly
2 < Transfer-Encoding: chunked
2 < X-Powered-By: Express
{"page":1,"per_page":3,"total":12,"total_pages":4,"data":[{"id":1,"name":"cerulean","year":2000,"color":"#98B2D1","pantone_value":"15-4020"},{"id":2,"name":"fuchsia rose","year":2001,"color":"#C74375","pantone_value":"17-2031"},{"id":3,"name":"true red","year":2002,"color":"#BF1932","pantone_value":"19-1664"}]}

16:48:30.731 [main] DEBUG com.intuit.karate - response time in milliseconds: 1309
16:48:30.871 [main] INFO  com.intuit.karate - karate.env system property was: null 
16:48:30.871 [main] DEBUG com.intuit.karate - 
1 > GET http://www.dneonline.com/calculator.asmx
1 > Accept-Encoding: gzip,deflate
1 > Connection: Keep-Alive
1 > Host: www.dneonline.com
1 > User-Agent: Apache-HttpClient/4.5.3 (Java/1.8.0_191)

16:48:31.325 [main] DEBUG com.intuit.karate - 
1 < 200
1 < Cache-Control: private, max-age=0
1 < Content-Type: text/html; charset=utf-8
1 < Date: Sun, 05 May 2019 11:18:15 GMT
1 < Server: Microsoft-IIS/7.5
1 < Vary: Accept-Encoding
1 < X-AspNet-Version: 2.0.50727
1 < X-Powered-By: ASP.NET


<html>

    <head><link rel="alternate" type="text/xml" href="/calculator.asmx?disco" />

    <style type="text/css">
    
		BODY { color: #000000; background-color: white; font-family: Verdana; margin-left: 0px; margin-top: 0px; }
		#content { margin-left: 30px; font-size: .70em; padding-bottom: 2em; }
		A:link { color: #336699; font-weight: bold; text-decoration: underline; }
		A:visited { color: #6699cc; font-weight: bold; text-decoration: underline; }
		A:active { color: #336699; font-weight: bold; text-decoration: underline; }
		A:hover { color: cc3300; font-weight: bold; text-decoration: underline; }
		P { color: #000000; margin-top: 0px; margin-bottom: 12px; font-family: Verdana; }
		pre { background-color: #e5e5cc; padding: 5px; font-family: Courier New; font-size: x-small; margin-top: -5px; border: 1px #f0f0e0 solid; }
		td { color: #000000; font-family: Verdana; font-size: .7em; }
		h2 { font-size: 1.5em; font-weight: bold; margin-top: 25px; margin-bottom: 10px; border-top: 1px solid #003366; margin-left: -15px; color: #003366; }
		h3 { font-size: 1.1em; color: #000000; margin-left: -15px; margin-top: 10px; margin-bottom: 10px; }
		ul { margin-top: 10px; margin-left: 20px; }
		ol { margin-top: 10px; margin-left: 20px; }
		li { margin-top: 10px; color: #000000; }
		font.value { color: darkblue; font: bold; }
		font.key { color: darkgreen; font: bold; }
		font.error { color: darkred; font: bold; }
		.heading1 { color: #ffffff; font-family: Tahoma; font-size: 26px; font-weight: normal; background-color: #003366; margin-top: 0px; margin-bottom: 0px; margin-left: -30px; padding-top: 10px; padding-bottom: 3px; padding-left: 15px; width: 105%; }
		.button { background-color: #dcdcdc; font-family: Verdana; font-size: 1em; border-top: #cccccc 1px solid; border-bottom: #666666 1px solid; border-left: #cccccc 1px solid; border-right: #666666 1px solid; }
		.frmheader { color: #000000; background: #dcdcdc; font-family: Verdana; font-size: .7em; font-weight: normal; border-bottom: 1px solid #dcdcdc; padding-top: 2px; padding-bottom: 2px; }
		.frmtext { font-family: Verdana; font-size: .7em; margin-top: 8px; margin-bottom: 0px; margin-left: 32px; }
		.frmInput { font-family: Verdana; font-size: 1em; }
		.intro { margin-left: -15px; }
           
    </style>

    <title>
	Calculator Web Service
</title></head>

  <body>

    <div id="content">

      <p class="heading1">Calculator</p><br>

      

      <span>

          <p class="intro">The following operations are supported.  For a formal definition, please review the <a href="calculator.asmx?WSDL">Service Description</a>. </p>
          
          
              <ul>
            
              <li>
                <a href="calculator.asmx?op=Add">Add</a>
                
                <span>
                  <br>Adds two integers. This is a test WebService. ©DNE Online
                </span>
              </li>
              <p>
            
              <li>
                <a href="calculator.asmx?op=Divide">Divide</a>
                
                
              </li>
              <p>
            
              <li>
                <a href="calculator.asmx?op=Multiply">Multiply</a>
                
                
              </li>
              <p>
            
              <li>
                <a href="calculator.asmx?op=Subtract">Subtract</a>
                
                
              </li>
              <p>
            
              </ul>
            
      </span>

      
      

    <span>
        
    </span>
    
      <span>
          <hr>
          <h3>This web service is using http://tempuri.org/ as its default namespace.</h3>
          <h3>Recommendation: Change the default namespace before the XML Web service is made public.</h3>
          <p class="intro">Each XML Web service needs a unique namespace in order for client applications to distinguish it from other services on the Web. http://tempuri.org/ is available for XML Web services that are under development, but published XML Web services should use a more permanent namespace.</p>
          <p class="intro">Your XML Web service should be identified by a namespace that you control. For example, you can use your company's Internet domain name as part of the namespace. Although many XML Web service namespaces look like URLs, they need not point to actual resources on the Web. (XML Web service namespaces are URIs.)</p>
          <p class="intro">For XML Web services creating using ASP.NET, the default namespace can be changed using the WebService attribute's Namespace property. The WebService attribute is an attribute applied to the class that contains the XML Web service methods. Below is a code example that sets the namespace to "http://microsoft.com/webservices/":</p>
          <p class="intro">C#</p>
          <pre>[WebService(Namespace="http://microsoft.com/webservices/")]
public class MyWebService {
    // implementation
}</pre>
          <p class="intro">Visual Basic</p>
          <pre>&lt;WebService(Namespace:="http://microsoft.com/webservices/")&gt; Public Class MyWebService
    ' implementation
End Class</pre>

          <p class="intro">C++</p>
          <pre>[WebService(Namespace="http://microsoft.com/webservices/")]
public ref class MyWebService {
    // implementation
};</pre>
          <p class="intro">For more details on XML namespaces, see the W3C recommendation on <a href="http://www.w3.org/TR/REC-xml-names/">Namespaces in XML</A>.</p>
          <p class="intro">For more details on WSDL, see the <a href="http://www.w3.org/TR/wsdl">WSDL Specification</a>.</p>
          <p class="intro">For more details on URIs, see <a href="http://www.ietf.org/rfc/rfc2396.txt">RFC 2396</a>.</p>
      </span>

      

    
  </body>
</html>


16:48:31.325 [main] DEBUG com.intuit.karate - response time in milliseconds: 454
16:48:31.340 [main] WARN  com.intuit.karate - xml parsing failed, response data type set to string: org.xml.sax.SAXParseException; lineNumber: 57; columnNumber: 19; The element type "br" must be terminated by the matching end-tag "</br>".
